<?xml version="1.0" encoding="UTF-8"?>
<!-- Generated by org.testng.reporters.JUnitReportReporter -->
<testsuite hostname="Qedge-PC" name="com.sample.test.Class2" tests="1" failures="0" timestamp="2 Nov 2015 11:21:52 GMT" time="14.442" errors="0">
  <testcase name="test" time="14.442" classname="com.sample.test.Class2"/>
</testsuite> <!-- com.sample.test.Class2 -->
